[debug] [2023-03-18T17:17:14.749Z] ----------------------------------------------------------------------
[debug] [2023-03-18T17:17:14.757Z] Command:       C:\Program Files\nodejs\node.exe C:\Users\Nati\AppData\Roaming\npm\node_modules\firebase-tools\lib\bin\firebase.js init
[debug] [2023-03-18T17:17:14.758Z] CLI Version:   11.24.1
[debug] [2023-03-18T17:17:14.758Z] Platform:      win32
[debug] [2023-03-18T17:17:14.759Z] Node Version:  v18.12.1
[debug] [2023-03-18T17:17:14.760Z] Time:          Sat Mar 18 2023 20:17:14 GMT+0300 (East Africa Time)
[debug] [2023-03-18T17:17:14.761Z] ----------------------------------------------------------------------
[debug] 
[debug] [2023-03-18T17:17:14.784Z] > command requires scopes: ["email","openid","https://www.googleapis.com/auth/cloudplatformprojects.readonly","https://www.googleapis.com/auth/firebase","https://www.googleapis.com/auth/cloud-platform"]
[debug] [2023-03-18T17:17:14.791Z] > authorizing via signed-in user (nathanaelmehari0@gmail.com)
[info] 
     ######## #### ########  ######## ########     ###     ######  ########
     ##        ##  ##     ## ##       ##     ##  ##   ##  ##       ##
     ######    ##  ########  ######   ########  #########  ######  ######
     ##        ##  ##    ##  ##       ##     ## ##     ##       ## ##
     ##       #### ##     ## ######## ########  ##     ##  ######  ########

You're about to initialize a Firebase project in this directory:

  C:\Users\Nati\Documents\anew

[info] 
=== Project Setup
[info] 
[info] First, let's associate this project directory with a Firebase project.
[info] You can create multiple project aliases by running firebase use --add, 
[info] but for now we'll just set up a default project.
[info] 
[debug] [2023-03-18T17:19:05.644Z] > refreshing access token with scopes: []
[debug] [2023-03-18T17:19:05.647Z] >>> [apiv2][query] POST https://www.googleapis.com/oauth2/v3/token [none]
[debug] [2023-03-18T17:19:05.647Z] >>> [apiv2][body] POST https://www.googleapis.com/oauth2/v3/token [omitted]
[debug] [2023-03-18T17:19:06.598Z] <<< [apiv2][status] POST https://www.googleapis.com/oauth2/v3/token 200
[debug] [2023-03-18T17:19:06.599Z] <<< [apiv2][body] POST https://www.googleapis.com/oauth2/v3/token [omitted]
[debug] [2023-03-18T17:19:06.656Z] >>> [apiv2][query] GET https://firebase.googleapis.com/v1beta1/projects pageSize=100
[debug] [2023-03-18T17:19:07.905Z] <<< [apiv2][status] GET https://firebase.googleapis.com/v1beta1/projects 200
[debug] [2023-03-18T17:19:07.906Z] <<< [apiv2][body] GET https://firebase.googleapis.com/v1beta1/projects [omitted]
[info] i  Using project secret-b9c00 (secret) 
[info] 
=== Hosting Setup
[info] 
[info] Your public directory is the folder (relative to your project directory) that
[info] will contain Hosting assets to be uploaded with firebase deploy. If you
[info] have a build process for your assets, use your build's output directory.
[info] 
